zero-size array to reduction operation minimum which has no identity
zero-size array to reduction operation minimum which has no identity
zero-size array to reduction operation minimum which has no identity
zero-size array to reduction operation minimum which has no identity
Spambase other.csv is finished
zero-size array to reduction operation minimum which has no identity
zero-size array to reduction operation minimum which has no identity
Concordia (targetcl. 0).csv is finished
float division by zero
zero-size array to reduction operation minimum which has no identity
zero-size array to reduction operation minimum which has no identity
Liver 2.csv is finished
zero-size array to reduction operation minimum which has no identity
zero-size array to reduction operation minimum which has no identity
zero-size array to reduction operation minimum which has no identity
zero-size array to reduction operation minimum which has no identity
zero-size array to reduction operation minimum which has no identity
zero-size array to reduction operation minimum which has no identity
zero-size array to reduction operation minimum which has no identity
zero-size array to reduction operation minimum which has no identity
zero-size array to reduction operation minimum which has no identity
zero-size array to reduction operation minimum which has no identity
zero-size array to reduction operation minimum which has no identity
zero-size array to reduction operation minimum which has no identity
zero-size array to reduction operation minimum which has no identity
zero-size array to reduction operation minimum which has no identity
Housing MEDV<35.csv is finished
zero-size array to reduction operation minimum which has no identity
Delft pump 3x2.csv is finished
zero-size array to reduction operation minimum which has no identity
Waveform 2.csv is finished
zero-size array to reduction operation minimum which has no identity
zero-size array to reduction operation minimum which has no identity
zero-size array to reduction operation minimum which has no identity
zero-size array to reduction operation minimum which has no identity
zero-size array to reduction operation minimum which has no identity
zero-size array to reduction operation minimum which has no identity
zero-size array to reduction operation minimum which has no identity
zero-size array to reduction operation minimum which has no identity
Concordia (targetcl. 7).csv is finished
zero-size array to reduction operation minimum which has no identity
zero-size array to reduction operation minimum which has no identity
zero-size array to reduction operation minimum which has no identity
zero-size array to reduction operation minimum which has no identity
Thyriod subnormal.csv is finished
zero-size array to reduction operation minimum which has no identity
zero-size array to reduction operation minimum which has no identity
zero-size array to reduction operation minimum which has no identity
zero-size array to reduction operation minimum which has no identity
zero-size array to reduction operation minimum which has no identity
zero-size array to reduction operation minimum which has no identity
zero-size array to reduction operation minimum which has no identity
zero-size array to reduction operation minimum which has no identity
zero-size array to reduction operation minimum which has no identity
Abalone class 9-10.csv is finished
zero-size array to reduction operation minimum which has no identity
zero-size array to reduction operation minimum which has no identity
Vehicle bus.csv is finished
zero-size array to reduction operation minimum which has no identity
Delft pump AR app..csv is finished
zero-size array to reduction operation minimum which has no identity
zero-size array to reduction operation minimum which has no identity
zero-size array to reduction operation minimum which has no identity
zero-size array to reduction operation minimum which has no identity
zero-size array to reduction operation minimum which has no identity
zero-size array to reduction operation minimum which has no identity
Diabetes (targetcl. present).csv is finished
Vehicle opel.csv is finished
zero-size array to reduction operation minimum which has no identity
Spambase spam.csv is finished
zero-size array to reduction operation minimum which has no identity
zero-size array to reduction operation minimum which has no identity
Colon 1.csv is finished
zero-size array to reduction operation minimum which has no identity
zero-size array to reduction operation minimum which has no identity
Hepatitis (targetcl. live).csv is finished
zero-size array to reduction operation minimum which has no identity
zero-size array to reduction operation minimum which has no identity
zero-size array to reduction operation minimum which has no identity
zero-size array to reduction operation minimum which has no identity
Breast Wisconsin (targetcl. malignant).csv is finished
zero-size array to reduction operation minimum which has no identity
zero-size array to reduction operation minimum which has no identity
zero-size array to reduction operation minimum which has no identity
zero-size array to reduction operation minimum which has no identity
zero-size array to reduction operation minimum which has no identity
zero-size array to reduction operation minimum which has no identity
zero-size array to reduction operation minimum which has no identity
zero-size array to reduction operation minimum which has no identity
zero-size array to reduction operation minimum which has no identity
zero-size array to reduction operation minimum which has no identity
zero-size array to reduction operation minimum which has no identity
zero-size array to reduction operation minimum which has no identity
Colon 2.csv is finished
zero-size array to reduction operation minimum which has no identity
Pageblocks text.csv is finished
